<?xml version="1.0" encoding="UTF-8"?>
<!-- Generated by org.testng.reporters.JUnitXMLReporter -->
<testsuite hostname="Hakans-Air" name="HubSpot Fuctional Regression Test" tests="7" failures="5" timestamp="24 Jul 2020 00:39:15 GMT" time="160.122" errors="0">
  <testcase name="verifyPageTitleTest" time="5.028" classname="com.qa.hubspot.tests.LoginPageTest"/>
  <testcase name="verifySignUpLink" time="25.034" classname="com.qa.hubspot.tests.LoginPageTest">
    <failure type="org.openqa.selenium.TimeoutException" message="Expected condition failed: waiting for visibility of element located by By.linkText: Sign up55 (tried for 20 second(s) with 500 milliseconds interval)">
      <![CDATA[org.openqa.selenium.TimeoutException: Expected condition failed: waiting for visibility of element located by By.linkText: Sign up55 (tried for 20 second(s) with 500 milliseconds interval)
	at org.openqa.selenium.support.ui.WebDriverWait.timeoutException(WebDriverWait.java:95)
	at org.openqa.selenium.support.ui.FluentWait.until(FluentWait.java:272)
	at com.qa.hubspot.util.ElementUtil.waitForElementVisible(ElementUtil.java:186)
	at com.qa.hubspot.page.LoginPage.checkSignUpLink(LoginPage.java:37)
	at com.qa.hubspot.tests.LoginPageTest.verifySignUpLink(LoginPageTest.java:86)
Caused by: org.openqa.selenium.NoSuchElementException: no such element: Unable to locate element: {"method":"link text","selector":"Sign up55"}
  (Session info: chrome=84.0.4147.89)
For documentation on this error, please visit: https://www.seleniumhq.org/exceptions/no_such_element.html
Build info: version: '3.141.59', revision: 'e82be7d358', time: '2018-11-14T08:17:03'
System info: host: 'Hakans-Air', ip: 'fe80:0:0:0:148b:fa31:2799:8ede%en0', os.name: 'Mac OS X', os.arch: 'x86_64', os.version: '10.14.6', java.version: '1.8.0_231'
Driver info: org.openqa.selenium.chrome.ChromeDriver
Capabilities {acceptInsecureCerts: false, browserName: chrome, browserVersion: 84.0.4147.89, chrome: {chromedriverVersion: 84.0.4147.30 (48b3e868b4cc0..., userDataDir: /var/folders/bz/l372ww8s1gg...}, goog:chromeOptions: {debuggerAddress: localhost:55584}, javascriptEnabled: true, networkConnectionEnabled: false, pageLoadStrategy: normal, platform: MAC, platformName: MAC, proxy: Proxy(), setWindowRect: true, strictFileInteractability: false, timeouts: {implicit: 0, pageLoad: 300000, script: 30000}, unhandledPromptBehavior: dismiss and notify, webauthn:virtualAuthenticators: true}
Session ID: fa6ce5e6baec4861d35faf9cbeaf7a38
*** Element info: {Using=link text, value=Sign up55}
	at org.openqa.selenium.remote.http.W3CHttpResponseCodec.createException(W3CHttpResponseCodec.java:187)
	at org.openqa.selenium.remote.http.W3CHttpResponseCodec.decode(W3CHttpResponseCodec.java:122)
	at org.openqa.selenium.remote.http.W3CHttpResponseCodec.decode(W3CHttpResponseCodec.java:49)
	at org.openqa.selenium.remote.HttpCommandExecutor.execute(HttpCommandExecutor.java:158)
	at org.openqa.selenium.remote.service.DriverCommandExecutor.execute(DriverCommandExecutor.java:83)
	at org.openqa.selenium.remote.RemoteWebDriver.execute(RemoteWebDriver.java:552)
	at org.openqa.selenium.remote.RemoteWebDriver.findElement(RemoteWebDriver.java:323)
	at org.openqa.selenium.remote.RemoteWebDriver.findElementByLinkText(RemoteWebDriver.java:380)
	at org.openqa.selenium.By$ByLinkText.findElement(By.java:220)
	at org.openqa.selenium.remote.RemoteWebDriver.findElement(RemoteWebDriver.java:315)
	at org.openqa.selenium.support.ui.ExpectedConditions$7.apply(ExpectedConditions.java:205)
	at org.openqa.selenium.support.ui.ExpectedConditions$7.apply(ExpectedConditions.java:201)
	at org.openqa.selenium.support.ui.FluentWait.until(FluentWait.java:249)
	... 27 more
... Removed 27 stack frames]]>
    </failure>
  </testcase> <!-- verifySignUpLink -->
  <testcase name="login_invalidTestCase" time="7.244" classname="com.qa.hubspot.tests.LoginPageTest"/>
  <testcase name="login_invalidTestCase" time="26.079" classname="com.qa.hubspot.tests.LoginPageTest">
    <failure type="java.lang.AssertionError" message="expected [true] but found [false]">
      <![CDATA[java.lang.AssertionError: expected [true] but found [false]
	at com.qa.hubspot.tests.LoginPageTest.login_invalidTestCase(LoginPageTest.java:117)
... Removed 28 stack frames]]>
    </failure>
  </testcase> <!-- login_invalidTestCase -->
  <testcase name="login_invalidTestCase" time="26.117" classname="com.qa.hubspot.tests.LoginPageTest">
    <failure type="java.lang.AssertionError" message="expected [true] but found [false]">
      <![CDATA[java.lang.AssertionError: expected [true] but found [false]
	at com.qa.hubspot.tests.LoginPageTest.login_invalidTestCase(LoginPageTest.java:117)
... Removed 28 stack frames]]>
    </failure>
  </testcase> <!-- login_invalidTestCase -->
  <testcase name="login_invalidTestCase" time="26.027" classname="com.qa.hubspot.tests.LoginPageTest">
    <failure type="java.lang.AssertionError" message="expected [true] but found [false]">
      <![CDATA[java.lang.AssertionError: expected [true] but found [false]
	at com.qa.hubspot.tests.LoginPageTest.login_invalidTestCase(LoginPageTest.java:117)
... Removed 28 stack frames]]>
    </failure>
  </testcase> <!-- login_invalidTestCase -->
  <testcase name="login_invalidTestCase" time="26.152" classname="com.qa.hubspot.tests.LoginPageTest">
    <failure type="java.lang.AssertionError" message="expected [true] but found [false]">
      <![CDATA[java.lang.AssertionError: expected [true] but found [false]
	at com.qa.hubspot.tests.LoginPageTest.login_invalidTestCase(LoginPageTest.java:117)
... Removed 28 stack frames]]>
    </failure>
  </testcase> <!-- login_invalidTestCase -->
</testsuite> <!-- HubSpot Fuctional Regression Test -->
