{"name":"verify signup lin in Login page","status":"broken","statusDetails":{"known":false,"muted":false,"flaky":false,"message":"Expected condition failed: waiting for visibility of element located by By.linkText: Sign up55 (tried for 20 second(s) with 500 milliseconds interval)","trace":"org.openqa.selenium.TimeoutException: Expected condition failed: waiting for visibility of element located by By.linkText: Sign up55 (tried for 20 second(s) with 500 milliseconds interval)\n\tat org.openqa.selenium.support.ui.WebDriverWait.timeoutException(WebDriverWait.java:95)\n\tat org.openqa.selenium.support.ui.FluentWait.until(FluentWait.java:272)\n\tat com.qa.hubspot.util.ElementUtil.waitForElementVisible(ElementUtil.java:186)\n\tat com.qa.hubspot.page.LoginPage.checkSignUpLink(LoginPage.java:37)\n\tat com.qa.hubspot.tests.LoginPageTest.verifySignUpLink(LoginPageTest.java:86)\n\tat sun.reflect.NativeMethodAccessorImpl.invoke0(Native Method)\n\tat sun.reflect.NativeMethodAccessorImpl.invoke(NativeMethodAccessorImpl.java:62)\n\tat sun.reflect.DelegatingMethodAccessorImpl.invoke(DelegatingMethodAccessorImpl.java:43)\n\tat java.lang.reflect.Method.invoke(Method.java:498)\n\tat org.testng.internal.MethodInvocationHelper.invokeMethod(MethodInvocationHelper.java:86)\n\tat org.testng.internal.Invoker.invokeMethod(Invoker.java:645)\n\tat org.testng.internal.Invoker.invokeTestMethod(Invoker.java:822)\n\tat org.testng.internal.Invoker.invokeTestMethods(Invoker.java:1130)\n\tat org.testng.internal.TestMethodWorker.invokeTestMethods(TestMethodWorker.java:129)\n\tat org.testng.internal.TestMethodWorker.run(TestMethodWorker.java:112)\n\tat org.testng.TestRunner.privateRun(TestRunner.java:782)\n\tat org.testng.TestRunner.run(TestRunner.java:632)\n\tat org.testng.SuiteRunner.runTest(SuiteRunner.java:366)\n\tat org.testng.SuiteRunner.runSequentially(SuiteRunner.java:361)\n\tat org.testng.SuiteRunner.privateRun(SuiteRunner.java:319)\n\tat org.testng.SuiteRunner.run(SuiteRunner.java:268)\n\tat org.testng.SuiteRunnerWorker.runSuite(SuiteRunnerWorker.java:52)\n\tat org.testng.SuiteRunnerWorker.run(SuiteRunnerWorker.java:86)\n\tat org.testng.TestNG.runSuitesSequentially(TestNG.java:1244)\n\tat org.testng.TestNG.runSuitesLocally(TestNG.java:1169)\n\tat org.testng.TestNG.run(TestNG.java:1064)\n\tat org.testng.remote.RemoteTestNG.run(RemoteTestNG.java:113)\n\tat org.testng.remote.RemoteTestNG.initAndRun(RemoteTestNG.java:206)\n\tat org.testng.remote.RemoteTestNG.main(RemoteTestNG.java:177)\nCaused by: org.openqa.selenium.NoSuchElementException: no such element: Unable to locate element: {\"method\":\"link text\",\"selector\":\"Sign up55\"}\n  (Session info: chrome=84.0.4147.89)\nFor documentation on this error, please visit: https://www.seleniumhq.org/exceptions/no_such_element.html\nBuild info: version: '3.141.59', revision: 'e82be7d358', time: '2018-11-14T08:17:03'\nSystem info: host: 'Hakans-Air', ip: 'fe80:0:0:0:148b:fa31:2799:8ede%en0', os.name: 'Mac OS X', os.arch: 'x86_64', os.version: '10.14.6', java.version: '1.8.0_231'\nDriver info: org.openqa.selenium.chrome.ChromeDriver\nCapabilities {acceptInsecureCerts: false, browserName: chrome, browserVersion: 84.0.4147.89, chrome: {chromedriverVersion: 84.0.4147.30 (48b3e868b4cc0..., userDataDir: /var/folders/bz/l372ww8s1gg...}, goog:chromeOptions: {debuggerAddress: localhost:55584}, javascriptEnabled: true, networkConnectionEnabled: false, pageLoadStrategy: normal, platform: MAC, platformName: MAC, proxy: Proxy(), setWindowRect: true, strictFileInteractability: false, timeouts: {implicit: 0, pageLoad: 300000, script: 30000}, unhandledPromptBehavior: dismiss and notify, webauthn:virtualAuthenticators: true}\nSession ID: fa6ce5e6baec4861d35faf9cbeaf7a38\n*** Element info: {Using=link text, value=Sign up55}\n\tat sun.reflect.GeneratedConstructorAccessor15.newInstance(Unknown Source)\n\tat sun.reflect.DelegatingConstructorAccessorImpl.newInstance(DelegatingConstructorAccessorImpl.java:45)\n\tat java.lang.reflect.Constructor.newInstance(Constructor.java:423)\n\tat org.openqa.selenium.remote.http.W3CHttpResponseCodec.createException(W3CHttpResponseCodec.java:187)\n\tat org.openqa.selenium.remote.http.W3CHttpResponseCodec.decode(W3CHttpResponseCodec.java:122)\n\tat org.openqa.selenium.remote.http.W3CHttpResponseCodec.decode(W3CHttpResponseCodec.java:49)\n\tat org.openqa.selenium.remote.HttpCommandExecutor.execute(HttpCommandExecutor.java:158)\n\tat org.openqa.selenium.remote.service.DriverCommandExecutor.execute(DriverCommandExecutor.java:83)\n\tat org.openqa.selenium.remote.RemoteWebDriver.execute(RemoteWebDriver.java:552)\n\tat org.openqa.selenium.remote.RemoteWebDriver.findElement(RemoteWebDriver.java:323)\n\tat org.openqa.selenium.remote.RemoteWebDriver.findElementByLinkText(RemoteWebDriver.java:380)\n\tat org.openqa.selenium.By$ByLinkText.findElement(By.java:220)\n\tat org.openqa.selenium.remote.RemoteWebDriver.findElement(RemoteWebDriver.java:315)\n\tat org.openqa.selenium.support.ui.ExpectedConditions$7.apply(ExpectedConditions.java:205)\n\tat org.openqa.selenium.support.ui.ExpectedConditions$7.apply(ExpectedConditions.java:201)\n\tat org.openqa.selenium.support.ui.FluentWait.until(FluentWait.java:249)\n\t... 27 more\n"},"stage":"finished","description":"Login Page credentials","steps":[],"attachments":[],"parameters":[{"name":"browser","value":"chrome"}],"start":1595551006869,"stop":1595551031902,"uuid":"1f0a9d2d-bc3c-4c0a-8704-33e9d0565093","historyId":"72b8d6ae31a92a9db1add232c442415","fullName":"com.qa.hubspot.tests.LoginPageTest.verifySignUpLink","labels":[{"name":"package","value":"com.qa.hubspot.tests.LoginPageTest"},{"name":"testClass","value":"com.qa.hubspot.tests.LoginPageTest"},{"name":"testMethod","value":"verifySignUpLink"},{"name":"parentSuite","value":"HubSpot Regression Test Suite"},{"name":"suite","value":"HubSpot Fuctional Regression Test"},{"name":"subSuite","value":"com.qa.hubspot.tests.LoginPageTest"},{"name":"host","value":"Hakans-Air"},{"name":"thread","value":"3040@Hakans-Air.main(1)"},{"name":"framework","value":"testng"},{"name":"language","value":"java"},{"name":"epic","value":"Epic - 101 : create login features"},{"name":"feature","value":"US - 501 : Create test for login on HubSpot"},{"name":"severity","value":"normal"}],"links":[]}