<!DOCTYPE html>

<html>
  <head>
  <meta charset='utf-8'>
  <title>TestNG reports</title>

    <link type="text/css" href="testng-reports.css" rel="stylesheet" />  
    <script type="text/javascript" src="jquery-1.7.1.min.js"></script>
    <script type="text/javascript" src="testng-reports.js"></script>
    <script type="text/javascript" src="https://www.google.com/jsapi"></script>
    <script type='text/javascript'>
      google.load('visualization', '1', {packages:['table']});
      google.setOnLoadCallback(drawTable);
      var suiteTableInitFunctions = new Array();
      var suiteTableData = new Array();
    </script>
    <!--
      <script type="text/javascript" src="jquery-ui/js/jquery-ui-1.8.16.custom.min.js"></script>
     -->
  </head>

  <body>
    <div class="top-banner-root">
      <span class="top-banner-title-font">Test results</span>
      <br/>
      <span class="top-banner-font-1">1 suite, 5 failed tests</span>
    </div> <!-- top-banner-root -->
    <div class="navigator-root">
      <div class="navigator-suite-header">
        <span>All suites</span>
        <a href="#" class="collapse-all-link" title="Collapse/expand all the suites">
          <img class="collapse-all-icon" src="collapseall.gif">
          </img> <!-- collapse-all-icon -->
        </a> <!-- collapse-all-link -->
      </div> <!-- navigator-suite-header -->
      <div class="suite">
        <div class="rounded-window">
          <div class="suite-header light-rounded-window-top">
            <a href="#" class="navigator-link" panel-name="suite-HubSpot_Regression_Test_Suite">
              <span class="suite-name border-failed">HubSpot Regression Test Suite</span>
            </a> <!-- navigator-link -->
          </div> <!-- suite-header light-rounded-window-top -->
          <div class="navigator-suite-content">
            <div class="suite-section-title">
              <span>Info</span>
            </div> <!-- suite-section-title -->
            <div class="suite-section-content">
              <ul>
                <li>
                  <a href="#" class="navigator-link " panel-name="test-xml-HubSpot_Regression_Test_Suite">
                    <span>testng.sanity.xml</span>
                  </a> <!-- navigator-link  -->
                </li>
                <li>
                  <a href="#" class="navigator-link " panel-name="testlist-HubSpot_Regression_Test_Suite">
                    <span class="test-stats">1 test</span>
                  </a> <!-- navigator-link  -->
                </li>
                <li>
                  <a href="#" class="navigator-link " panel-name="group-HubSpot_Regression_Test_Suite">
                    <span>0 groups</span>
                  </a> <!-- navigator-link  -->
                </li>
                <li>
                  <a href="#" class="navigator-link " panel-name="times-HubSpot_Regression_Test_Suite">
                    <span>Times</span>
                  </a> <!-- navigator-link  -->
                </li>
                <li>
                  <a href="#" class="navigator-link " panel-name="reporter-HubSpot_Regression_Test_Suite">
                    <span>Reporter output</span>
                  </a> <!-- navigator-link  -->
                </li>
                <li>
                  <a href="#" class="navigator-link " panel-name="ignored-methods-HubSpot_Regression_Test_Suite">
                    <span>Ignored methods</span>
                  </a> <!-- navigator-link  -->
                </li>
                <li>
                  <a href="#" class="navigator-link " panel-name="chronological-HubSpot_Regression_Test_Suite">
                    <span>Chronological view</span>
                  </a> <!-- navigator-link  -->
                </li>
              </ul>
            </div> <!-- suite-section-content -->
            <div class="result-section">
              <div class="suite-section-title">
                <span>Results</span>
              </div> <!-- suite-section-title -->
              <div class="suite-section-content">
                <ul>
                  <li>
                    <span class="method-stats">7 methods, 5 failed,   2 passed</span>
                  </li>
                  <li>
                    <span class="method-list-title failed">Failed methods</span>
                    <span class="show-or-hide-methods failed">
                      <a href="#" panel-name="suite-HubSpot_Regression_Test_Suite" class="hide-methods failed suite-HubSpot_Regression_Test_Suite"> (hide)</a> <!-- hide-methods failed suite-HubSpot_Regression_Test_Suite -->
                      <a href="#" panel-name="suite-HubSpot_Regression_Test_Suite" class="show-methods failed suite-HubSpot_Regression_Test_Suite"> (show)</a> <!-- show-methods failed suite-HubSpot_Regression_Test_Suite -->
                    </span>
                    <div class="method-list-content failed suite-HubSpot_Regression_Test_Suite">
                      <span>
                        <img width="3%" src="failed.png"/>
                        <a href="#" class="method navigator-link" panel-name="suite-HubSpot_Regression_Test_Suite" title="com.qa.hubspot.tests.LoginPageTest" hash-for-method="login_invalidTestCase(hhu@gmail.com ,  )">login_invalidTestCase(hhu@gmail.com ,  )</a> <!-- method navigator-link -->
                      </span>
                      <br/>
                      <span>
                        <img width="3%" src="failed.png"/>
                        <a href="#" class="method navigator-link" panel-name="suite-HubSpot_Regression_Test_Suite" title="com.qa.hubspot.tests.LoginPageTest" hash-for-method="login_invalidTestCase( , test12345)">login_invalidTestCase( , test12345)</a> <!-- method navigator-link -->
                      </span>
                      <br/>
                      <span>
                        <img width="3%" src="failed.png"/>
                        <a href="#" class="method navigator-link" panel-name="suite-HubSpot_Regression_Test_Suite" title="com.qa.hubspot.tests.LoginPageTest" hash-for-method="login_invalidTestCase( ,  )">login_invalidTestCase( ,  )</a> <!-- method navigator-link -->
                      </span>
                      <br/>
                      <span>
                        <img width="3%" src="failed.png"/>
                        <a href="#" class="method navigator-link" panel-name="suite-HubSpot_Regression_Test_Suite" title="com.qa.hubspot.tests.LoginPageTest" hash-for-method="login_invalidTestCase(yummy, yummy)">login_invalidTestCase(yummy, yummy)</a> <!-- method navigator-link -->
                      </span>
                      <br/>
                      <span>
                        <img width="3%" src="failed.png"/>
                        <a href="#" class="method navigator-link" panel-name="suite-HubSpot_Regression_Test_Suite" title="com.qa.hubspot.tests.LoginPageTest" hash-for-method="verifySignUpLink">verifySignUpLink</a> <!-- method navigator-link -->
                      </span>
                      <br/>
                    </div> <!-- method-list-content failed suite-HubSpot_Regression_Test_Suite -->
                  </li>
                  <li>
                    <span class="method-list-title passed">Passed methods</span>
                    <span class="show-or-hide-methods passed">
                      <a href="#" panel-name="suite-HubSpot_Regression_Test_Suite" class="hide-methods passed suite-HubSpot_Regression_Test_Suite"> (hide)</a> <!-- hide-methods passed suite-HubSpot_Regression_Test_Suite -->
                      <a href="#" panel-name="suite-HubSpot_Regression_Test_Suite" class="show-methods passed suite-HubSpot_Regression_Test_Suite"> (show)</a> <!-- show-methods passed suite-HubSpot_Regression_Test_Suite -->
                    </span>
                    <div class="method-list-content passed suite-HubSpot_Regression_Test_Suite">
                      <span>
                        <img width="3%" src="passed.png"/>
                        <a href="#" class="method navigator-link" panel-name="suite-HubSpot_Regression_Test_Suite" title="com.qa.hubspot.tests.LoginPageTest" hash-for-method="login_invalidTestCase(bill@gmail.com, test12345)">login_invalidTestCase(bill@gmail.com, test12345)</a> <!-- method navigator-link -->
                      </span>
                      <br/>
                      <span>
                        <img width="3%" src="passed.png"/>
                        <a href="#" class="method navigator-link" panel-name="suite-HubSpot_Regression_Test_Suite" title="com.qa.hubspot.tests.LoginPageTest" hash-for-method="verifyPageTitleTest">verifyPageTitleTest</a> <!-- method navigator-link -->
                      </span>
                      <br/>
                    </div> <!-- method-list-content passed suite-HubSpot_Regression_Test_Suite -->
                  </li>
                </ul>
              </div> <!-- suite-section-content -->
            </div> <!-- result-section -->
          </div> <!-- navigator-suite-content -->
        </div> <!-- rounded-window -->
      </div> <!-- suite -->
    </div> <!-- navigator-root -->
    <div class="wrapper">
      <div class="main-panel-root">
        <div panel-name="suite-HubSpot_Regression_Test_Suite" class="panel HubSpot_Regression_Test_Suite">
          <div class="suite-HubSpot_Regression_Test_Suite-class-failed">
            <div class="main-panel-header rounded-window-top">
              <img src="failed.png"/>
              <span class="class-name">com.qa.hubspot.tests.LoginPageTest</span>
            </div> <!-- main-panel-header rounded-window-top -->
            <div class="main-panel-content rounded-window-bottom">
              <div class="method">
                <div class="method-content">
                  <a name="login_invalidTestCase(hhu@gmail.com ,  )">
                  </a> <!-- login_invalidTestCase(hhu@gmail.com ,  ) -->
                  <span class="method-name">login_invalidTestCase</span>
                  <span class="parameters">(hhu@gmail.com ,  )</span>
                  <div class="stack-trace">java.lang.AssertionError: expected [true] but found [false]
	at com.qa.hubspot.tests.LoginPageTest.login_invalidTestCase(LoginPageTest.java:117)
... Removed 28 stack frames
</div> <!-- stack-trace -->
                </div> <!-- method-content -->
              </div> <!-- method -->
              <div class="method">
                <div class="method-content">
                  <a name="login_invalidTestCase( , test12345)">
                  </a> <!-- login_invalidTestCase( , test12345) -->
                  <span class="method-name">login_invalidTestCase</span>
                  <span class="parameters">( , test12345)</span>
                  <div class="stack-trace">java.lang.AssertionError: expected [true] but found [false]
	at com.qa.hubspot.tests.LoginPageTest.login_invalidTestCase(LoginPageTest.java:117)
... Removed 28 stack frames
</div> <!-- stack-trace -->
                </div> <!-- method-content -->
              </div> <!-- method -->
              <div class="method">
                <div class="method-content">
                  <a name="login_invalidTestCase( ,  )">
                  </a> <!-- login_invalidTestCase( ,  ) -->
                  <span class="method-name">login_invalidTestCase</span>
                  <span class="parameters">( ,  )</span>
                  <div class="stack-trace">java.lang.AssertionError: expected [true] but found [false]
	at com.qa.hubspot.tests.LoginPageTest.login_invalidTestCase(LoginPageTest.java:117)
... Removed 28 stack frames
</div> <!-- stack-trace -->
                </div> <!-- method-content -->
              </div> <!-- method -->
              <div class="method">
                <div class="method-content">
                  <a name="login_invalidTestCase(yummy, yummy)">
                  </a> <!-- login_invalidTestCase(yummy, yummy) -->
                  <span class="method-name">login_invalidTestCase</span>
                  <span class="parameters">(yummy, yummy)</span>
                  <div class="stack-trace">java.lang.AssertionError: expected [true] but found [false]
	at com.qa.hubspot.tests.LoginPageTest.login_invalidTestCase(LoginPageTest.java:117)
... Removed 28 stack frames
</div> <!-- stack-trace -->
                </div> <!-- method-content -->
              </div> <!-- method -->
              <div class="method">
                <div class="method-content">
                  <a name="verifySignUpLink">
                  </a> <!-- verifySignUpLink -->
                  <span class="method-name">verifySignUpLink</span>
                  <div class="stack-trace">org.openqa.selenium.TimeoutException: Expected condition failed: waiting for visibility of element located by By.linkText: Sign up55 (tried for 20 second(s) with 500 milliseconds interval)
	at org.openqa.selenium.support.ui.WebDriverWait.timeoutException(WebDriverWait.java:95)
	at org.openqa.selenium.support.ui.FluentWait.until(FluentWait.java:272)
	at com.qa.hubspot.util.ElementUtil.waitForElementVisible(ElementUtil.java:186)
	at com.qa.hubspot.page.LoginPage.checkSignUpLink(LoginPage.java:37)
	at com.qa.hubspot.tests.LoginPageTest.verifySignUpLink(LoginPageTest.java:86)
Caused by: org.openqa.selenium.NoSuchElementException: no such element: Unable to locate element: {&quot;method&quot;:&quot;link text&quot;,&quot;selector&quot;:&quot;Sign up55&quot;}
  (Session info: chrome=84.0.4147.89)
For documentation on this error, please visit: https://www.seleniumhq.org/exceptions/no_such_element.html
Build info: version: &apos;3.141.59&apos;, revision: &apos;e82be7d358&apos;, time: &apos;2018-11-14T08:17:03&apos;
System info: host: &apos;Hakans-Air&apos;, ip: &apos;fe80:0:0:0:148b:fa31:2799:8ede%en0&apos;, os.name: &apos;Mac OS X&apos;, os.arch: &apos;x86_64&apos;, os.version: &apos;10.14.6&apos;, java.version: &apos;1.8.0_231&apos;
Driver info: org.openqa.selenium.chrome.ChromeDriver
Capabilities {acceptInsecureCerts: false, browserName: chrome, browserVersion: 84.0.4147.89, chrome: {chromedriverVersion: 84.0.4147.30 (48b3e868b4cc0..., userDataDir: /var/folders/bz/l372ww8s1gg...}, goog:chromeOptions: {debuggerAddress: localhost:55584}, javascriptEnabled: true, networkConnectionEnabled: false, pageLoadStrategy: normal, platform: MAC, platformName: MAC, proxy: Proxy(), setWindowRect: true, strictFileInteractability: false, timeouts: {implicit: 0, pageLoad: 300000, script: 30000}, unhandledPromptBehavior: dismiss and notify, webauthn:virtualAuthenticators: true}
Session ID: fa6ce5e6baec4861d35faf9cbeaf7a38
*** Element info: {Using=link text, value=Sign up55}
	at org.openqa.selenium.remote.http.W3CHttpResponseCodec.createException(W3CHttpResponseCodec.java:187)
	at org.openqa.selenium.remote.http.W3CHttpResponseCodec.decode(W3CHttpResponseCodec.java:122)
	at org.openqa.selenium.remote.http.W3CHttpResponseCodec.decode(W3CHttpResponseCodec.java:49)
	at org.openqa.selenium.remote.HttpCommandExecutor.execute(HttpCommandExecutor.java:158)
	at org.openqa.selenium.remote.service.DriverCommandExecutor.execute(DriverCommandExecutor.java:83)
	at org.openqa.selenium.remote.RemoteWebDriver.execute(RemoteWebDriver.java:552)
	at org.openqa.selenium.remote.RemoteWebDriver.findElement(RemoteWebDriver.java:323)
	at org.openqa.selenium.remote.RemoteWebDriver.findElementByLinkText(RemoteWebDriver.java:380)
	at org.openqa.selenium.By$ByLinkText.findElement(By.java:220)
	at org.openqa.selenium.remote.RemoteWebDriver.findElement(RemoteWebDriver.java:315)
	at org.openqa.selenium.support.ui.ExpectedConditions$7.apply(ExpectedConditions.java:205)
	at org.openqa.selenium.support.ui.ExpectedConditions$7.apply(ExpectedConditions.java:201)
	at org.openqa.selenium.support.ui.FluentWait.until(FluentWait.java:249)
	... 27 more
... Removed 27 stack frames
</div> <!-- stack-trace -->
                  <em>
(verify signup lin in Login page)                  </em>
                </div> <!-- method-content -->
              </div> <!-- method -->
            </div> <!-- main-panel-content rounded-window-bottom -->
          </div> <!-- suite-HubSpot_Regression_Test_Suite-class-failed -->
          <div class="suite-HubSpot_Regression_Test_Suite-class-passed">
            <div class="main-panel-header rounded-window-top">
              <img src="passed.png"/>
              <span class="class-name">com.qa.hubspot.tests.LoginPageTest</span>
            </div> <!-- main-panel-header rounded-window-top -->
            <div class="main-panel-content rounded-window-bottom">
              <div class="method">
                <div class="method-content">
                  <a name="login_invalidTestCase(bill@gmail.com, test12345)">
                  </a> <!-- login_invalidTestCase(bill@gmail.com, test12345) -->
                  <span class="method-name">login_invalidTestCase</span>
                  <span class="parameters">(bill@gmail.com, test12345)</span>
                </div> <!-- method-content -->
              </div> <!-- method -->
              <div class="method">
                <div class="method-content">
                  <a name="verifyPageTitleTest">
                  </a> <!-- verifyPageTitleTest -->
                  <span class="method-name">verifyPageTitleTest</span>
                  <em>
(get title as HubSpot Login)                  </em>
                </div> <!-- method-content -->
              </div> <!-- method -->
            </div> <!-- main-panel-content rounded-window-bottom -->
          </div> <!-- suite-HubSpot_Regression_Test_Suite-class-passed -->
        </div> <!-- panel HubSpot_Regression_Test_Suite -->
        <div panel-name="test-xml-HubSpot_Regression_Test_Suite" class="panel">
          <div class="main-panel-header rounded-window-top">
            <span class="header-content">/Users/hakankocak/Documents/workspace/HubSpotAppTestNG_POM/src/test/resources/testrunners/testng.sanity.xml</span>
          </div> <!-- main-panel-header rounded-window-top -->
          <div class="main-panel-content rounded-window-bottom">
            <pre>
&lt;?xml version=&quot;1.0&quot; encoding=&quot;UTF-8&quot;?&gt;
&lt;!DOCTYPE suite SYSTEM &quot;http://testng.org/testng-1.0.dtd&quot;&gt;
&lt;suite guice-stage=&quot;DEVELOPMENT&quot; name=&quot;HubSpot Regression Test Suite&quot; parallel=&quot;none&quot;&gt;
  &lt;parameter name=&quot;browser&quot; value=&quot;chrome&quot;/&gt;
  &lt;listeners&gt;
    &lt;listener class-name=&quot;com.qa.hubspot.listener.TestAllureListener&quot;/&gt;
  &lt;/listeners&gt;
  &lt;test name=&quot;HubSpot Fuctional Regression Test&quot;&gt;
    &lt;classes&gt;
      &lt;class name=&quot;com.qa.hubspot.tests.LoginPageTest&quot;/&gt;
    &lt;/classes&gt;
  &lt;/test&gt; &lt;!-- HubSpot Fuctional Regression Test --&gt;
&lt;/suite&gt; &lt;!-- HubSpot Regression Test Suite --&gt;
            </pre>
          </div> <!-- main-panel-content rounded-window-bottom -->
        </div> <!-- panel -->
        <div panel-name="testlist-HubSpot_Regression_Test_Suite" class="panel">
          <div class="main-panel-header rounded-window-top">
            <span class="header-content">Tests for HubSpot Regression Test Suite</span>
          </div> <!-- main-panel-header rounded-window-top -->
          <div class="main-panel-content rounded-window-bottom">
            <ul>
              <li>
                <span class="test-name">HubSpot Fuctional Regression Test (1 class)</span>
              </li>
            </ul>
          </div> <!-- main-panel-content rounded-window-bottom -->
        </div> <!-- panel -->
        <div panel-name="group-HubSpot_Regression_Test_Suite" class="panel">
          <div class="main-panel-header rounded-window-top">
            <span class="header-content">Groups for HubSpot Regression Test Suite</span>
          </div> <!-- main-panel-header rounded-window-top -->
          <div class="main-panel-content rounded-window-bottom">
          </div> <!-- main-panel-content rounded-window-bottom -->
        </div> <!-- panel -->
        <div panel-name="times-HubSpot_Regression_Test_Suite" class="panel">
          <div class="main-panel-header rounded-window-top">
            <span class="header-content">Times for HubSpot Regression Test Suite</span>
          </div> <!-- main-panel-header rounded-window-top -->
          <div class="main-panel-content rounded-window-bottom">
            <div class="times-div">
              <script type="text/javascript">
suiteTableInitFunctions.push('tableData_HubSpot_Regression_Test_Suite');
function tableData_HubSpot_Regression_Test_Suite() {
var data = new google.visualization.DataTable();
data.addColumn('number', 'Number');
data.addColumn('string', 'Method');
data.addColumn('string', 'Class');
data.addColumn('number', 'Time (ms)');
data.addRows(7);
data.setCell(0, 0, 0)
data.setCell(0, 1, 'login_invalidTestCase')
data.setCell(0, 2, 'com.qa.hubspot.tests.LoginPageTest')
data.setCell(0, 3, 26152);
data.setCell(1, 0, 1)
data.setCell(1, 1, 'login_invalidTestCase')
data.setCell(1, 2, 'com.qa.hubspot.tests.LoginPageTest')
data.setCell(1, 3, 26117);
data.setCell(2, 0, 2)
data.setCell(2, 1, 'login_invalidTestCase')
data.setCell(2, 2, 'com.qa.hubspot.tests.LoginPageTest')
data.setCell(2, 3, 26079);
data.setCell(3, 0, 3)
data.setCell(3, 1, 'login_invalidTestCase')
data.setCell(3, 2, 'com.qa.hubspot.tests.LoginPageTest')
data.setCell(3, 3, 26027);
data.setCell(4, 0, 4)
data.setCell(4, 1, 'verifySignUpLink')
data.setCell(4, 2, 'com.qa.hubspot.tests.LoginPageTest')
data.setCell(4, 3, 25034);
data.setCell(5, 0, 5)
data.setCell(5, 1, 'login_invalidTestCase')
data.setCell(5, 2, 'com.qa.hubspot.tests.LoginPageTest')
data.setCell(5, 3, 7244);
data.setCell(6, 0, 6)
data.setCell(6, 1, 'verifyPageTitleTest')
data.setCell(6, 2, 'com.qa.hubspot.tests.LoginPageTest')
data.setCell(6, 3, 5028);
window.suiteTableData['HubSpot_Regression_Test_Suite']= { tableData: data, tableDiv: 'times-div-HubSpot_Regression_Test_Suite'}
return data;
}
              </script>
              <span class="suite-total-time">Total running time: 2 minutes</span>
              <div id="times-div-HubSpot_Regression_Test_Suite">
              </div> <!-- times-div-HubSpot_Regression_Test_Suite -->
            </div> <!-- times-div -->
          </div> <!-- main-panel-content rounded-window-bottom -->
        </div> <!-- panel -->
        <div panel-name="reporter-HubSpot_Regression_Test_Suite" class="panel">
          <div class="main-panel-header rounded-window-top">
            <span class="header-content">Reporter output for HubSpot Regression Test Suite</span>
          </div> <!-- main-panel-header rounded-window-top -->
          <div class="main-panel-content rounded-window-bottom">
          </div> <!-- main-panel-content rounded-window-bottom -->
        </div> <!-- panel -->
        <div panel-name="ignored-methods-HubSpot_Regression_Test_Suite" class="panel">
          <div class="main-panel-header rounded-window-top">
            <span class="header-content">1 ignored method</span>
          </div> <!-- main-panel-header rounded-window-top -->
          <div class="main-panel-content rounded-window-bottom">
            <div class="ignored-class-div">
              <span class="ignored-class-name">com.qa.hubspot.tests.LoginPageTest</span>
              <div class="ignored-methods-div">
                <span class="ignored-method-name">loginTest</span>
                <br/>
              </div> <!-- ignored-methods-div -->
            </div> <!-- ignored-class-div -->
          </div> <!-- main-panel-content rounded-window-bottom -->
        </div> <!-- panel -->
        <div panel-name="chronological-HubSpot_Regression_Test_Suite" class="panel">
          <div class="main-panel-header rounded-window-top">
            <span class="header-content">Methods in chronological order</span>
          </div> <!-- main-panel-header rounded-window-top -->
          <div class="main-panel-content rounded-window-bottom">
            <div class="chronological-class">
              <div class="chronological-class-name">com.qa.hubspot.tests.LoginPageTest</div> <!-- chronological-class-name -->
              <div class="configuration-method before">
                <span class="method-name">setUp(chrome)</span>
                <span class="method-start">0 ms</span>
              </div> <!-- configuration-method before -->
              <div class="test-method">
                <span class="method-name">verifyPageTitleTest</span>
                <span class="method-start">3688 ms</span>
              </div> <!-- test-method -->
              <div class="configuration-method after">
                <span class="method-name">tearDown</span>
                <span class="method-start">8721 ms</span>
              </div> <!-- configuration-method after -->
              <div class="configuration-method before">
                <span class="method-name">setUp(chrome)</span>
                <span class="method-start">8893 ms</span>
              </div> <!-- configuration-method before -->
              <div class="test-method">
                <img src="failed.png">
                </img>
                <span class="method-name">verifySignUpLink</span>
                <span class="method-start">10756 ms</span>
              </div> <!-- test-method -->
              <div class="configuration-method after">
                <span class="method-name">tearDown</span>
                <span class="method-start">36129 ms</span>
              </div> <!-- configuration-method after -->
              <div class="configuration-method before">
                <span class="method-name">setUp(chrome)</span>
                <span class="method-start">36326 ms</span>
              </div> <!-- configuration-method before -->
              <div class="test-method">
                <span class="method-name">login_invalidTestCase(bill@gmail.com, test12345)</span>
                <span class="method-start">38385 ms</span>
              </div> <!-- test-method -->
              <div class="configuration-method after">
                <span class="method-name">tearDown</span>
                <span class="method-start">45633 ms</span>
              </div> <!-- configuration-method after -->
              <div class="configuration-method before">
                <span class="method-name">setUp(chrome)</span>
                <span class="method-start">45755 ms</span>
              </div> <!-- configuration-method before -->
              <div class="test-method">
                <img src="failed.png">
                </img>
                <span class="method-name">login_invalidTestCase( , test12345)</span>
                <span class="method-start">47673 ms</span>
              </div> <!-- test-method -->
              <div class="configuration-method after">
                <span class="method-name">tearDown</span>
                <span class="method-start">74054 ms</span>
              </div> <!-- configuration-method after -->
              <div class="configuration-method before">
                <span class="method-name">setUp(chrome)</span>
                <span class="method-start">74216 ms</span>
              </div> <!-- configuration-method before -->
              <div class="test-method">
                <img src="failed.png">
                </img>
                <span class="method-name">login_invalidTestCase(hhu@gmail.com ,  )</span>
                <span class="method-start">76053 ms</span>
              </div> <!-- test-method -->
              <div class="configuration-method after">
                <span class="method-name">tearDown</span>
                <span class="method-start">102480 ms</span>
              </div> <!-- configuration-method after -->
              <div class="configuration-method before">
                <span class="method-name">setUp(chrome)</span>
                <span class="method-start">102641 ms</span>
              </div> <!-- configuration-method before -->
              <div class="test-method">
                <img src="failed.png">
                </img>
                <span class="method-name">login_invalidTestCase(yummy, yummy)</span>
                <span class="method-start">104578 ms</span>
              </div> <!-- test-method -->
              <div class="configuration-method after">
                <span class="method-name">tearDown</span>
                <span class="method-start">130911 ms</span>
              </div> <!-- configuration-method after -->
              <div class="configuration-method before">
                <span class="method-name">setUp(chrome)</span>
                <span class="method-start">131044 ms</span>
              </div> <!-- configuration-method before -->
              <div class="test-method">
                <img src="failed.png">
                </img>
                <span class="method-name">login_invalidTestCase( ,  )</span>
                <span class="method-start">133062 ms</span>
              </div> <!-- test-method -->
              <div class="configuration-method after">
                <span class="method-name">tearDown</span>
                <span class="method-start">159513 ms</span>
              </div> <!-- configuration-method after -->
          </div> <!-- main-panel-content rounded-window-bottom -->
        </div> <!-- panel -->
      </div> <!-- main-panel-root -->
    </div> <!-- wrapper -->
  </body>
</html>
